#
# There is insufficient memory for the Java Runtime Environment to continue.
# Native memory allocation (mmap) failed to map 123731968 bytes for G1 virtual space
# Possible reasons:
#   The system is out of physical RAM or swap space
#   The process is running with CompressedOops enabled, and the Java Heap may be blocking the growth of the native heap
# Possible solutions:
#   Reduce memory load on the system
#   Increase physical memory or swap space
#   Check if swap backing store is full
#   Decrease Java heap size (-Xmx/-Xms)
#   Decrease number of Java threads
#   Decrease Java thread stack sizes (-Xss)
#   Set larger code cache with -XX:ReservedCodeCacheSize=
#   JVM is running with Unscaled Compressed Oops mode in which the Java heap is
#     placed in the first 4GB address space. The Java Heap base address is the
#     maximum limit for the native heap growth. Please use -XX:HeapBaseMinAddress
#     to set the Java Heap base and to place the Java Heap above 4GB virtual address.
# This output file may be truncated or incomplete.
#
#  Out of Memory Error (os_windows.cpp:3528), pid=25440, tid=24164
#
# JRE version:  (20.0.2+9) (build )
# Java VM: Java HotSpot(TM) 64-Bit Server VM (20.0.2+9-78, mixed mode, sharing, tiered, compressed oops, compressed class ptrs, g1 gc, windows-amd64)
# No core dump will be written. Minidumps are not enabled by default on client versions of Windows
#

---------------  S U M M A R Y ------------

Command Line: -Dfile.encoding=UTF-8 -Dstdout.encoding=UTF-8 -Dstderr.encoding=UTF-8 --module-path=C:\eclipse-workspace\perdiPesoErestiInForma\bin -XX:+ShowCodeDetailsInExceptionMessages -Djdk.module.main=perdiPesoErestiInForma perdiPesoErestiInForma/perdiPesoErestiInForma.loseWeightAndStayFit

Host: AMD Ryzen 5 4500U with Radeon Graphics         , 6 cores, 7G,  Windows 11 , 64 bit Build 22621 (10.0.22621.3672)
Time: Tue Jul  9 21:27:02 2024 ora legale Europa occidentale elapsed time: 0.016531 seconds (0d 0h 0m 0s)

---------------  T H R E A D  ---------------

Current thread (0x000001bcf49f16a0):  JavaThread "Unknown thread" [_thread_in_vm, id=24164, stack(0x000000ba8fd00000,0x000000ba8fe00000)]

Stack: [0x000000ba8fd00000,0x000000ba8fe00000]
Native frames: (J=compiled Java code, j=interpreted, Vv=VM code, C=native code)
V  [jvm.dll+0x6bc25a]
V  [jvm.dll+0x84971a]
V  [jvm.dll+0x84b315]
V  [jvm.dll+0x84ba13]
V  [jvm.dll+0x280e4f]
V  [jvm.dll+0x6b8fe9]
V  [jvm.dll+0x6adbca]
V  [jvm.dll+0x35b165]
V  [jvm.dll+0x363386]
V  [jvm.dll+0x3b400e]
V  [jvm.dll+0x3b4295]
V  [jvm.dll+0x32b86a]
V  [jvm.dll+0x32c68b]
V  [jvm.dll+0x8123df]
V  [jvm.dll+0x3c1261]
V  [jvm.dll+0x7fe103]
V  [jvm.dll+0x44ccaf]
V  [jvm.dll+0x44e621]
C  [jli.dll+0x5287]
C  [ucrtbase.dll+0x29333]
C  [KERNEL32.DLL+0x1257d]
C  [ntdll.dll+0x5af28]


---------------  P R O C E S S  ---------------

Threads class SMR info:
_java_thread_list=0x00007fff2042b118, length=0, elements={
}

Java Threads: ( => current thread )

Other Threads:
  0x000001bcf4a4c400 WorkerThread "GC Thread#0" [stack: 0x000000ba8fe00000,0x000000ba8ff00000] [id=272]
  0x000001bcf4a5c0b0 ConcurrentGCThread "G1 Main Marker" [stack: 0x000000ba8ff00000,0x000000ba90000000] [id=6472]
  0x000001bcf4a5d280 WorkerThread "G1 Conc#0" [stack: 0x000000ba90000000,0x000000ba90100000] [id=23576]

[error occurred during error reporting (printing all threads), id 0xc0000005, EXCEPTION_ACCESS_VIOLATION (0xc0000005) at pc=0x00007fff1fc0eea7]
VM state: not at safepoint (not fully initialized)

VM Mutex/Monitor currently owned by a thread:  ([mutex/lock_event])
[0x000001bcf49ed2b0] Heap_lock - owner thread: 0x000001bcf49f16a0

Heap address: 0x000000008a000000, size: 1888 MB, Compressed Oops mode: 32-bit

CDS archive(s) mapped at: [0x0000000000000000-0x0000000000000000-0x0000000000000000), size 0, SharedBaseAddress: 0x0000000800000000, ArchiveRelocationMode: 1.
Narrow klass base: 0x0000000000000000, Narrow klass shift: 0, Narrow klass range: 0x0

GC Precious Log:
 CardTable entry size: 512
 Card Set container configuration: InlinePtr #cards 5 size 8 Array Of Cards #cards 12 size 40 Howl #buckets 4 coarsen threshold 1843 Howl Bitmap #cards 512 size 80 coarsen threshold 460 Card regions per heap region 1 cards per card region 2048

Heap:
 garbage-first heap   total 0K, used 0K [0x000000008a000000, 0x0000000100000000)
  region size 1024K, 0 young (0K), 0 survivors (0K)

[error occurred during error reporting (printing heap information), id 0xc0000005, EXCEPTION_ACCESS_VIOLATION (0xc0000005) at pc=0x00007fff1ffe47b9]
GC Heap History (0 events):
No events

Dll operation events (1 events):
Event: 0.009 Loaded shared library C:\Program Files\Java\jdk-20\bin\java.dll

Deoptimization events (0 events):
No events

Classes loaded (0 events):
No events

Classes unloaded (0 events):
No events

Classes redefined (0 events):
No events

Internal exceptions (0 events):
No events

VM Operations (0 events):
No events

Events (0 events):
No events


Dynamic libraries:
0x00007ff6b30a0000 - 0x00007ff6b30b0000 	C:\Program Files\Java\jdk-20\bin\javaw.exe
0x00007fffaf930000 - 0x00007fffafb47000 	C:\WINDOWS\SYSTEM32\ntdll.dll
0x00007fffadf90000 - 0x00007fffae054000 	C:\WINDOWS\System32\KERNEL32.DLL
0x00007fffacf10000 - 0x00007fffad2bc000 	C:\WINDOWS\System32\KERNELBASE.dll
0x00007fffad2c0000 - 0x00007fffad3d1000 	C:\WINDOWS\System32\ucrtbase.dll
0x00007fff8aa10000 - 0x00007fff8aa29000 	C:\Program Files\Java\jdk-20\bin\jli.dll
0x00007fff8ac40000 - 0x00007fff8ac5b000 	C:\Program Files\Java\jdk-20\bin\VCRUNTIME140.dll
0x00007fffadec0000 - 0x00007fffadf72000 	C:\WINDOWS\System32\ADVAPI32.dll
0x00007fffae120000 - 0x00007fffae1c7000 	C:\WINDOWS\System32\msvcrt.dll
0x00007fffaddc0000 - 0x00007fffade6a000 	C:\WINDOWS\System32\sechost.dll
0x00007fffad640000 - 0x00007fffad668000 	C:\WINDOWS\System32\bcrypt.dll
0x00007fffaf7b0000 - 0x00007fffaf8c5000 	C:\WINDOWS\System32\RPCRT4.dll
0x00007fffadb80000 - 0x00007fffadd2e000 	C:\WINDOWS\System32\USER32.dll
0x00007ffface70000 - 0x00007ffface96000 	C:\WINDOWS\System32\win32u.dll
0x00007fffaf070000 - 0x00007fffaf099000 	C:\WINDOWS\System32\GDI32.dll
0x00007fffad3e0000 - 0x00007fffad4f9000 	C:\WINDOWS\System32\gdi32full.dll
0x00007fffacc60000 - 0x00007fffaccfa000 	C:\WINDOWS\System32\msvcp_win.dll
0x00007fff94ce0000 - 0x00007fff94f73000 	C:\WINDOWS\WinSxS\amd64_microsoft.windows.common-controls_6595b64144ccf1df_6.0.22621.3672_none_2713b9d173822955\COMCTL32.dll
0x00007fffa4d90000 - 0x00007fffa4d9a000 	C:\WINDOWS\SYSTEM32\VERSION.dll
0x00007fffad830000 - 0x00007fffad861000 	C:\WINDOWS\System32\IMM32.DLL
0x00007fff8af40000 - 0x00007fff8af4c000 	C:\Program Files\Java\jdk-20\bin\vcruntime140_1.dll
0x00007fff84660000 - 0x00007fff846ee000 	C:\Program Files\Java\jdk-20\bin\msvcp140.dll
0x00007fff1f8d0000 - 0x00007fff20568000 	C:\Program Files\Java\jdk-20\bin\server\jvm.dll
0x00007fff98220000 - 0x00007fff98229000 	C:\WINDOWS\SYSTEM32\WSOCK32.dll
0x00007fffa8990000 - 0x00007fffa89c4000 	C:\WINDOWS\SYSTEM32\WINMM.dll
0x00007fffae080000 - 0x00007fffae0f1000 	C:\WINDOWS\System32\WS2_32.dll
0x00007fffabc90000 - 0x00007fffabca8000 	C:\WINDOWS\SYSTEM32\kernel.appcore.dll
0x00007fff89ff0000 - 0x00007fff89ffa000 	C:\Program Files\Java\jdk-20\bin\jimage.dll
0x00007fff90250000 - 0x00007fff90482000 	C:\WINDOWS\SYSTEM32\DBGHELP.DLL
0x00007fffae1e0000 - 0x00007fffae568000 	C:\WINDOWS\System32\combase.dll
0x00007fffaee90000 - 0x00007fffaef67000 	C:\WINDOWS\System32\OLEAUT32.dll
0x00007fff94690000 - 0x00007fff946c2000 	C:\WINDOWS\SYSTEM32\dbgcore.DLL
0x00007fffad500000 - 0x00007fffad57b000 	C:\WINDOWS\System32\bcryptPrimitives.dll
0x00007fff87860000 - 0x00007fff87886000 	C:\Program Files\Java\jdk-20\bin\java.dll

dbghelp: loaded successfully - version: 4.0.5 - missing functions: none
symbol engine: initialized successfully - sym options: 0x614 - pdb path: .;C:\Program Files\Java\jdk-20\bin;C:\WINDOWS\SYSTEM32;C:\WINDOWS\WinSxS\amd64_microsoft.windows.common-controls_6595b64144ccf1df_6.0.22621.3672_none_2713b9d173822955;C:\Program Files\Java\jdk-20\bin\server

VM Arguments:
jvm_args: -Dfile.encoding=UTF-8 -Dstdout.encoding=UTF-8 -Dstderr.encoding=UTF-8 --module-path=C:\eclipse-workspace\perdiPesoErestiInForma\bin -XX:+ShowCodeDetailsInExceptionMessages -Djdk.module.main=perdiPesoErestiInForma 
java_command: perdiPesoErestiInForma/perdiPesoErestiInForma.loseWeightAndStayFit
java_class_path (initial): <not set>
Launcher Type: SUN_STANDARD

[Global flags]
     intx CICompilerCount                          = 3                                         {product} {ergonomic}
     uint ConcGCThreads                            = 2                                         {product} {ergonomic}
     uint G1ConcRefinementThreads                  = 6                                         {product} {ergonomic}
   size_t G1HeapRegionSize                         = 1048576                                   {product} {ergonomic}
    uintx GCDrainStackTargetSize                   = 64                                        {product} {ergonomic}
   size_t InitialHeapSize                          = 123731968                                 {product} {ergonomic}
   size_t MarkStackSize                            = 4194304                                   {product} {ergonomic}
   size_t MaxHeapSize                              = 1979711488                                {product} {ergonomic}
   size_t MinHeapDeltaBytes                        = 1048576                                   {product} {ergonomic}
   size_t MinHeapSize                              = 8388608                                   {product} {ergonomic}
    uintx NonNMethodCodeHeapSize                   = 5832780                                {pd product} {ergonomic}
    uintx NonProfiledCodeHeapSize                  = 122912730                              {pd product} {ergonomic}
    uintx ProfiledCodeHeapSize                     = 122912730                              {pd product} {ergonomic}
    uintx ReservedCodeCacheSize                    = 251658240                              {pd product} {ergonomic}
     bool SegmentedCodeCache                       = true                                      {product} {ergonomic}
     bool ShowCodeDetailsInExceptionMessages       = true                                   {manageable} {command line}
   size_t SoftMaxHeapSize                          = 1979711488                             {manageable} {ergonomic}
     bool UseCompressedClassPointers               = true                           {product lp64_product} {ergonomic}
     bool UseCompressedOops                        = true                           {product lp64_product} {ergonomic}
     bool UseG1GC                                  = true                                      {product} {ergonomic}
     bool UseLargePagesIndividualAllocation        = false                                  {pd product} {ergonomic}

Logging:
Log output configuration:
 #0: stdout all=warning uptime,level,tags foldmultilines=false
 #1: stderr all=off uptime,level,tags foldmultilines=false

Environment Variables:
JAVA_HOME=C:\Program Files\Java\jdk-21
PATH=C:/Users/mauro/.p2/pool/plugins/org.eclipse.justj.openjdk.hotspot.jre.full.win32.x86_64_22.0.0.v20240322-1225/jre/bin/server;C:/Users/mauro/.p2/pool/plugins/org.eclipse.justj.openjdk.hotspot.jre.full.win32.x86_64_22.0.0.v20240322-1225/jre/bin;C:\Program Files\Common Files\Oracle\Java\javapath;C:\Python312\Scripts\;C:\Python312\;C:\Program Files\Microsoft MPI\Bin\;C:\WINDOWS\system32;C:\WINDOWS;C:\WINDOWS\System32\Wbem;C:\WINDOWS\System32\WindowsPowerShell\v1.0\;C:\WINDOWS\System32\OpenSSH\;C:\Program Files\dotnet\;C:\Program Files\Microsoft SQL Server\150\Tools\Binn\;C:\Program Files\Microsoft SQL Server\Client SDK\ODBC\170\Tools\Binn\;C:\Program Files (x86)\Microsoft SQL Server\160\Tools\Binn\;C:\Program Files\Microsoft SQL Server\160\Tools\Binn\;C:\Program Files\Microsoft SQL Server\160\DTS\Binn\;C:\Program Files (x86)\Microsoft SQL Server\160\DTS\Binn\;C:\Program Files\Azure Data Studio\bin;C:\Users\mauro\Documents\apache-maven-3.9.5\bin;%JAVA_HOME%\bin;C:\Users\mauro\Documents\apache-maven-3.9.5\bin;C:\Program Files\Git\cmd;C:\Program Files\nodejs\;C:\ProgramData\chocolatey\;C:\Program Files\Java\jdk-20\bin;C:\Users\mauro\AppData\Local\Microsoft\WindowsApps;C:\Program Files\Visual Studio Code\bin;C:\Users\mauro\.dotnet\tools;C:\Program Files\Azure Data Studio\bin;C:\Program Files\JetBrains\IntelliJ IDEA 2023.2.5\bin;;C:\Users\mauro\AppData\Roaming\npm;C:\Users\mauro\AppData\Local\GitHubDesktop\bin;C:\Users\mauro\Desktop;
USERNAME=mauro
OS=Windows_NT
PROCESSOR_IDENTIFIER=AMD64 Family 23 Model 96 Stepping 1, AuthenticAMD
TMP=C:\Users\mauro\AppData\Local\Temp
TEMP=C:\Users\mauro\AppData\Local\Temp




---------------  S Y S T E M  ---------------

OS:
 Windows 11 , 64 bit Build 22621 (10.0.22621.3672)
OS uptime: 0 days 12:31 hours

CPU: total 6 (initial active 6) (6 cores per cpu, 1 threads per core) family 23 model 96 stepping 1 microcode 0x0, cx8, cmov, fxsr, mmx, 3dnowpref, sse, sse2, sse3, ssse3, sse4a, sse4.1, sse4.2, popcnt, lzcnt, tsc, tscinvbit, avx, avx2, aes, clmul, bmi1, bmi2, adx, sha, fma, vzeroupper, clflush, clflushopt, rdtscp, rdpid, f16c

Memory: 4k page, system-wide physical 7549M (683M free)
TotalPageFile size 31101M (AvailPageFile size 42M)
current process WorkingSet (physical memory assigned to process): 11M, peak: 11M
current process commit charge ("private bytes"): 56M, peak: 174M

vm_info: Java HotSpot(TM) 64-Bit Server VM (20.0.2+9-78) for windows-amd64 JRE (20.0.2+9-78), built on 2023-06-14T10:08:48Z by "mach5one" with MS VC++ 17.1 (VS2022)

END.
